


ARM Macro Assembler    Page 1 


    1 00000000         ;Implement ASM program to add array of numbers present a
                       t 4000 0004H only if it is positive, and store it in 400
                       0 000CH
    2 00000000         
    3 00000000                 AREA             PROGRAM, CODE, READONLY
    4 00000000                 ENTRY
    5 00000000         MAIN
    6 00000000 E59F0040        LDR              R0,VALUE    ;loads adress of th
                                                            e value to R0
    7 00000004 E59F3040        LDR              R3,COUNT    ;loads adress of th
                                                            e count into R3
    8 00000008 E5934000        LDR              R4,[R3]     ;loads count into R
                                                            4
    9 0000000C         LOOP
   10 0000000C E5901000        LDR              R1,[R0]     ;loads the content 
                                                            of address of R0 in
                                                            to R1
   11 00000010 E3510000        CMP              R1,#0       ;comparing content 
                                                            of R1 to 0 to check
                                                             for negative numbe
                                                            r
   12 00000014 4A000005        BMI              JUMP        ;if the number in R
                                                            1 is negative then 
                                                            it goes to jump
   13 00000018 E0822001        ADD              R2,R1       ;else add R2 and R1
                                                             and stores in R2
   14 0000001C E2800004        ADD              R0,#4       ;incrementing the a
                                                            ddress in R0 to fet
                                                            ch next element of 
                                                            array
   15 00000020 E2444001        ADD              R4,#-1      ;decrementing count
                                                            er
   16 00000024 E3540000        CMP              R4,#0       ;checks if R4 that 
                                                            is counter is 0 or 
                                                            not
   17 00000028 0A000003        BEQ              DONE        ;if counter is 0 go
                                                            to done
   18 0000002C EAFFFFF6        B                LOOP        ;else go to loop
   19 00000030         JUMP
   20 00000030 E2800004        ADD              R0,#4       ;incrementing addre
                                                            ss
   21 00000034 E2444001        ADD              R4,#-1      ;decrementing count
                                                            er
   22 00000038 EAFFFFF3        B                LOOP        ;go to loop
   23 0000003C         
   24 0000003C         DONE
   25 0000003C E59F300C        LDR              R3,RESULT   ;laoding address to
                                                             store result
   26 00000040 E5832000        STR              R2,[R3]     ;storing result
   27 00000044 EAFFFFFE 
                       STOP    B                STOP        ;
   28 00000048         
   29 00000048         
   30 00000048         
   31 00000048 40000004 
                       VALUE   DCD              0X40000004  ;
   32 0000004C 40000000 
                       COUNT   DCD              0X40000000  ;
   33 00000050 4000000C 



ARM Macro Assembler    Page 2 


                       RESULT  DCD              0X4000000C  ;
   34 00000054         END
                       
Command Line: --debug --xref --diag_suppress=9931 --apcs=interwork --depend=.\o
bjects\positive_num_add.d -o.\objects\positive_num_add.o -IC:\Keil_v5\ARM\RV31\
INC -IC:\Keil_v5\ARM\CMSIS\Include -IC:\Keil_v5\ARM\INC\Philips --predefine="__
EVAL SETA 1" --predefine="__UVISION_VERSION SETA 525" --list=.\listings\positiv
e_num_add.lst Positive_num_add.s



ARM Macro Assembler    Page 1 Alphabetic symbol ordering
Relocatable symbols

COUNT 0000004C

Symbol: COUNT
   Definitions
      At line 32 in file Positive_num_add.s
   Uses
      At line 7 in file Positive_num_add.s
Comment: COUNT used once
DONE 0000003C

Symbol: DONE
   Definitions
      At line 24 in file Positive_num_add.s
   Uses
      At line 17 in file Positive_num_add.s
Comment: DONE used once
END 00000054

Symbol: END
   Definitions
      At line 34 in file Positive_num_add.s
   Uses
      None
Comment: END unused
JUMP 00000030

Symbol: JUMP
   Definitions
      At line 19 in file Positive_num_add.s
   Uses
      At line 12 in file Positive_num_add.s
Comment: JUMP used once
LOOP 0000000C

Symbol: LOOP
   Definitions
      At line 9 in file Positive_num_add.s
   Uses
      At line 18 in file Positive_num_add.s
      At line 22 in file Positive_num_add.s

MAIN 00000000

Symbol: MAIN
   Definitions
      At line 5 in file Positive_num_add.s
   Uses
      None
Comment: MAIN unused
PROGRAM 00000000

Symbol: PROGRAM
   Definitions
      At line 3 in file Positive_num_add.s
   Uses
      None
Comment: PROGRAM unused
RESULT 00000050




ARM Macro Assembler    Page 2 Alphabetic symbol ordering
Relocatable symbols

Symbol: RESULT
   Definitions
      At line 33 in file Positive_num_add.s
   Uses
      At line 25 in file Positive_num_add.s
Comment: RESULT used once
STOP 00000044

Symbol: STOP
   Definitions
      At line 27 in file Positive_num_add.s
   Uses
      At line 27 in file Positive_num_add.s
Comment: STOP used once
VALUE 00000048

Symbol: VALUE
   Definitions
      At line 31 in file Positive_num_add.s
   Uses
      At line 6 in file Positive_num_add.s
Comment: VALUE used once
10 symbols
342 symbols in table
